['明天', '是', '荣耀', '运营', '十周年', '纪念日', '。', '荣耀', '从', '两周年', '纪念日', '开始', '，', '在', '每年', '的', '纪念日', '这天', '凌晨', '零点', '会', '开放', '一个', '新区', '。', '第十版', '账号', '卡', '的', '销售', '从', '三个', '月前', '就', '已经', '开始', '。', '在', '老区', '玩', '的', '不顺心', '的', '老', '玩家', '、', '准备', '进入', '荣耀', '的', '新手', '，', '都', '已经', '准备', '好', '了', '新区', '账号', '对', '这个', '日子', '翘首以盼', '。', '陈果', '坐到', '了', '叶修', '旁边', '的', '机器', '，', '随手', '登录', '了', '她', '的', '逐', '烟霞', '。', '其他', '九大', '区', '的', '玩家', '人气', '并', '没有', '因为', '第十', '区', '的', '新开', '而', '降低', '多少', '，', '越', '老', '的', '区', '越是', '如此', '，', '实在', '是因为', '荣耀', '的', '一个', '账号', '想', '经营', '起来', '并', '不', '容易', '。', '陈果', '的', '逐', '烟霞', '用', '了', '五年', '时间', '才', '在', '普通', '玩家', '中', '算是', '翘楚', '，', '哪', '舍得', '轻易', '抛弃', '。', '更何况', '到', '最后', '大家', '都', '会', '冲着', '十大', '区', '的', '共同', '地图', '神之', '领域', '去', '。']
id2tag Dictionary(20 unique tokens: ['a', 'c', 'd', 'f', 'i']...)
tag2id {'a': 0, 'c': 1, 'd': 2, 'f': 3, 'i': 4, 'j': 5, 'l': 6, 'm': 7, 'n': 8, 'nr': 9, 'ns': 10, 'nz': 11, 'p': 12, 'r': 13, 't': 14, 'uj': 15, 'ul': 16, 'v': 17, 'vn': 18, 'x': 19}
['明天', '是', '荣耀', '运营', '十周年', '纪念日', '。', '荣耀', '从', '两周年', '纪念日', '开始', '，', '在', '每年', '的', '纪念日', '这天', '凌晨', '零点', '会', '开放', '一个', '新区', '。', '第十版', '账号', '卡', '的', '销售', '从', '三个', '月前', '就', '已经', '开始', '。', '在', '老区', '玩', '的', '不顺心', '的', '老', '玩家', '、', '准备', '进入', '荣耀', '的', '新手', '，', '都', '已经', '准备', '好', '了', '新区', '账号', '对', '这个', '日子', '翘首以盼', '。', '陈果', '坐到', '了', '叶修', '旁边', '的', '机器', '，', '随手', '登录', '了', '她', '的', '逐', '烟霞', '。', '其他', '九大', '区', '的', '玩家', '人气', '并', '没有', '因为', '第十', '区', '的', '新开', '而', '降低', '多少', '，', '越', '老', '的', '区', '越是', '如此', '，', '实在', '是因为', '荣耀', '的', '一个', '账号', '想', '经营', '起来', '并', '不', '容易', '。', '陈果', '的', '逐', '烟霞', '用', '了', '五年', '时间', '才', '在', '普通', '玩家', '中', '算是', '翘楚', '，', '哪', '舍得', '轻易', '抛弃', '。', '更何况', '到', '最后', '大家', '都', '会', '冲着', '十大', '区', '的', '共同', '地图', '神之', '领域', '去', '。']
tensor([[-2.9747, -2.9473, -2.7710,  ..., -2.8880, -3.1517, -3.3164],
        [-2.9770, -3.0399, -2.9220,  ..., -2.9316, -3.1597, -3.3413],
        [-2.9643, -2.9750, -2.8632,  ..., -2.8582, -3.2040, -3.3149],
        ...,
        [-3.0606, -2.8768, -2.8436,  ..., -2.8292, -3.4471, -3.3729],
        [-3.0981, -2.9520, -2.8569,  ..., -2.8362, -3.4559, -3.2474],
        [-3.0409, -2.9905, -2.7450,  ..., -2.8680, -3.4499, -3.2565]])
Loss: 3.0183136463165283
Loss: 3.0115041732788086
Loss: 3.0047991275787354
Loss: 2.998194932937622
Loss: 2.9916906356811523
Loss: 2.985281467437744
Loss: 2.9789674282073975
Loss: 2.972743034362793
Loss: 2.9666051864624023
Loss: 2.9605553150177
Loss: 2.954586982727051
Loss: 2.948700428009033
Loss: 2.9428939819335938
Loss: 2.937163829803467
Loss: 2.9315104484558105
Loss: 2.925931930541992
Loss: 2.9204251766204834
Loss: 2.9149892330169678
Loss: 2.909623861312866
Loss: 2.904327630996704
Loss: 2.8990988731384277
Loss: 2.8939359188079834
Loss: 2.8888392448425293
Loss: 2.8838071823120117
Loss: 2.878838539123535
Loss: 2.873931407928467
Loss: 2.8690884113311768
Loss: 2.8643040657043457
Loss: 2.8595833778381348
Loss: 2.8549201488494873
Loss: 2.8503165245056152
Loss: 2.845771074295044
Loss: 2.841285228729248
Loss: 2.836855888366699
Loss: 2.8324851989746094
Loss: 2.828169345855713
Loss: 2.823910713195801
Loss: 2.819707155227661
Loss: 2.8155601024627686
Loss: 2.8114664554595947
Loss: 2.807429552078247
Loss: 2.8034462928771973
Loss: 2.7995152473449707
Loss: 2.795639991760254
Loss: 2.791818380355835
Loss: 2.788048028945923
Loss: 2.7843306064605713
Loss: 2.7806649208068848
Loss: 2.777052402496338
Loss: 2.7734909057617188
Loss: 2.769981861114502
Loss: 2.7665224075317383
Loss: 2.7631142139434814
Loss: 2.759756565093994
Loss: 2.7564492225646973
Loss: 2.7531917095184326
Loss: 2.7499821186065674
Loss: 2.74682354927063
Loss: 2.7437117099761963
Loss: 2.740649461746216
Loss: 2.737633466720581
Loss: 2.734666585922241
Loss: 2.7317452430725098
Loss: 2.7288715839385986
Loss: 2.7260420322418213
Loss: 2.7232613563537598
Loss: 2.7205233573913574
Loss: 2.7178306579589844
Loss: 2.7151825428009033
Loss: 2.7125778198242188
Loss: 2.7100164890289307
Loss: 2.7074973583221436
Loss: 2.705022096633911
Loss: 2.7025866508483887
Loss: 2.700192928314209
Loss: 2.6978390216827393
Loss: 2.6955273151397705
Loss: 2.6932530403137207
Loss: 2.691016912460327
Loss: 2.688819408416748
Loss: 2.686660051345825
Loss: 2.6845383644104004
Loss: 2.6824519634246826
Loss: 2.6804006099700928
Loss: 2.6783857345581055
Loss: 2.676403760910034
Loss: 2.674456834793091
Loss: 2.6725423336029053
Loss: 2.6706607341766357
Loss: 2.6688108444213867
Loss: 2.6669929027557373
Loss: 2.6652047634124756
Loss: 2.6634457111358643
Loss: 2.661717176437378
Loss: 2.6600167751312256
Loss: 2.658344030380249
Loss: 2.6566996574401855
Loss: 2.6550817489624023
Loss: 2.6534886360168457
Loss: 2.6519219875335693
Loss: 2.6503806114196777
Loss: 2.648864269256592
Loss: 2.647369623184204
Loss: 2.6458990573883057
Loss: 2.644449472427368
Loss: 2.6430232524871826
Loss: 2.641618490219116
Loss: 2.64023494720459
Loss: 2.6388697624206543
Loss: 2.6375246047973633
Loss: 2.636199474334717
Loss: 2.6348917484283447
Loss: 2.633603572845459
Loss: 2.6323318481445312
Loss: 2.631077766418457
Loss: 2.6298391819000244
Loss: 2.628617286682129
Loss: 2.6274120807647705
Loss: 2.6262199878692627
Loss: 2.625042676925659
Loss: 2.62388014793396
Loss: 2.622732400894165
Loss: 2.6215970516204834
Loss: 2.6204755306243896
Loss: 2.619363784790039
Loss: 2.6182663440704346
Loss: 2.6171796321868896
Loss: 2.6161048412323
Loss: 2.6150410175323486
Loss: 2.613987922668457
Loss: 2.612945556640625
Loss: 2.611912727355957
Loss: 2.610889196395874
Loss: 2.6098744869232178
Loss: 2.6088693141937256
Loss: 2.6078732013702393
Loss: 2.606884241104126
Loss: 2.6059036254882812
Loss: 2.604931354522705
Loss: 2.603965997695923
Loss: 2.603008270263672
Loss: 2.6020565032958984
Loss: 2.601114273071289
Loss: 2.6001758575439453
Loss: 2.5992448329925537
Loss: 2.598318576812744
Loss: 2.5973994731903076
Loss: 2.5964841842651367
Loss: 2.5955750942230225
Loss: 2.5946707725524902
Loss: 2.5937716960906982
Loss: 2.59287691116333
Loss: 2.591986656188965
Loss: 2.59110164642334
Loss: 2.5902187824249268
Loss: 2.589341640472412
Loss: 2.588467597961426
Loss: 2.5875954627990723
Loss: 2.5867295265197754
Loss: 2.5858657360076904
Loss: 2.5850043296813965
Loss: 2.584146499633789
Loss: 2.583292007446289
Loss: 2.5824389457702637
Loss: 2.5815885066986084
Loss: 2.5807416439056396
Loss: 2.57989501953125
Loss: 2.5790517330169678
Loss: 2.5782113075256348
Loss: 2.5773708820343018
Loss: 2.576533555984497
Loss: 2.5756964683532715
Loss: 2.574862003326416
Loss: 2.5740292072296143
Loss: 2.5731959342956543
Loss: 2.5723648071289062
Loss: 2.571535110473633
Loss: 2.5707054138183594
Loss: 2.5698776245117188
Loss: 2.5690503120422363
Loss: 2.5682225227355957
Loss: 2.5673959255218506
Loss: 2.566570281982422
Loss: 2.5657434463500977
Loss: 2.5649189949035645
Loss: 2.564093589782715
Loss: 2.5632681846618652
Loss: 2.5624427795410156
Loss: 2.561617374420166
Loss: 2.5607924461364746
Loss: 2.559967517852783
Loss: 2.559141159057617
Loss: 2.5583157539367676
Loss: 2.5574886798858643
Loss: 2.556661367416382
Loss: 2.555833101272583
Loss: 2.555004596710205
Loss: 2.55417537689209
Loss: 2.5533456802368164
Loss: 2.5525147914886475
Loss: 2.5516836643218994
Loss: 2.5508503913879395
Loss: 2.5500166416168213
Loss: 2.549182415008545
Loss: 2.548346757888794
Loss: 2.547508955001831
Loss: 2.546671152114868
Loss: 2.545830726623535
Loss: 2.544989824295044
Loss: 2.54414701461792
Loss: 2.5433027744293213
Loss: 2.5424575805664062
Loss: 2.541611433029175
Loss: 2.5407629013061523
Loss: 2.5399115085601807
Loss: 2.5390586853027344
Loss: 2.5382063388824463
Loss: 2.5373494625091553
Loss: 2.536491870880127
Loss: 2.535632848739624
Loss: 2.534771203994751
Loss: 2.533907890319824
Loss: 2.5330424308776855
Loss: 2.532175064086914
Loss: 2.531304121017456
Loss: 2.53043270111084
Loss: 2.5295586585998535
Loss: 2.5286829471588135
Loss: 2.527803659439087
Loss: 2.5269227027893066
Loss: 2.5260403156280518
Loss: 2.5251545906066895
Loss: 2.5242667198181152
Loss: 2.523375988006592
Loss: 2.5224826335906982
Loss: 2.5215883255004883
Loss: 2.520688772201538
Loss: 2.519789218902588
Loss: 2.5188863277435303
Loss: 2.5179805755615234
Loss: 2.51707124710083
Loss: 2.516160726547241
Loss: 2.5152463912963867
Loss: 2.5143308639526367
Loss: 2.5134103298187256
Loss: 2.512488842010498
Loss: 2.511563777923584
Loss: 2.510636568069458
Loss: 2.50970458984375
Loss: 2.5087709426879883
Loss: 2.5078349113464355
Loss: 2.5068953037261963
Loss: 2.5059523582458496
Loss: 2.505006790161133
Loss: 2.504059076309204
Loss: 2.5031065940856934
Loss: 2.502153158187866
Loss: 2.5011954307556152
Loss: 2.5002341270446777
Loss: 2.4992709159851074
Loss: 2.4983034133911133
Loss: 2.497333288192749
Loss: 2.4963605403900146
Loss: 2.4953830242156982
Loss: 2.49440336227417
Loss: 2.493419885635376
Loss: 2.492434501647949
Loss: 2.4914450645446777
Loss: 2.490452527999878
Loss: 2.4894566535949707
Loss: 2.488457441329956
Loss: 2.487455129623413
Loss: 2.4864487648010254
Loss: 2.4854390621185303
Loss: 2.484426975250244
Loss: 2.483412027359009
Loss: 2.482391834259033
Loss: 2.4813692569732666
Loss: 2.4803433418273926
Loss: 2.4793143272399902
Loss: 2.478281021118164
Loss: 2.4772439002990723
Loss: 2.4762041568756104
Loss: 2.4751617908477783
Loss: 2.474113941192627
Loss: 2.4730639457702637
Loss: 2.47200870513916
Loss: 2.470952033996582
Loss: 2.4698925018310547
Loss: 2.468827247619629
Loss: 2.467759609222412
Loss: 2.4666872024536133
Loss: 2.4656119346618652
Loss: 2.4645333290100098
Loss: 2.4634511470794678
Loss: 2.46236515045166
Loss: 2.4612748622894287
Loss: 2.460181474685669
Loss: 2.4590842723846436
Loss: 2.4579837322235107
['明天', '是', '荣耀', '运营', '十周年', '纪念日', '。', '荣耀', '从', '两周年', '纪念日', '开始', '，', '在', '每年', '的', '纪念日', '这天', '凌晨', '零点', '会', '开放', '一个', '新区', '。', '第十版', '账号', '卡', '的', '销售', '从', '三个', '月前', '就', '已经', '开始', '。', '在', '老区', '玩', '的', '不顺心', '的', '老', '玩家', '、', '准备', '进入', '荣耀', '的', '新手', '，', '都', '已经', '准备', '好', '了', '新区', '账号', '对', '这个', '日子', '翘首以盼', '。', '陈果', '坐到', '了', '叶修', '旁边', '的', '机器', '，', '随手', '登录', '了', '她', '的', '逐', '烟霞', '。', '其他', '九大', '区', '的', '玩家', '人气', '并', '没有', '因为', '第十', '区', '的', '新开', '而', '降低', '多少', '，', '越', '老', '的', '区', '越是', '如此', '，', '实在', '是因为', '荣耀', '的', '一个', '账号', '想', '经营', '起来', '并', '不', '容易', '。', '陈果', '的', '逐', '烟霞', '用', '了', '五年', '时间', '才', '在', '普通', '玩家', '中', '算是', '翘楚', '，', '哪', '舍得', '轻易', '抛弃', '。', '更何况', '到', '最后', '大家', '都', '会', '冲着', '十大', '区', '的', '共同', '地图', '神之', '领域', '去', '。']
torch.Size([154, 20])
tensor([[-3.5009, -3.2980, -2.2981,  ..., -2.2934, -3.4818, -2.5101],
        [-3.6581, -3.5135, -2.5016,  ..., -2.1328, -3.6396, -2.6237],
        [-3.6297, -3.4711, -2.4577,  ..., -2.1126, -3.7132, -2.4316],
        ...,
        [-3.7997, -3.4427, -2.5505,  ..., -2.0477, -4.0708, -2.5044],
        [-3.8073, -3.4325, -2.7715,  ..., -1.8796, -4.1855, -2.0879],
        [-3.9945, -3.6360, -2.7142,  ..., -2.1051, -4.3099, -1.8813]])
